<?xml version="1.0" encoding="UTF-8"?>
<testsuite xmlns:xsi="http://www.w3.org/2001/XMLSchema-instance" xsi:noNamespaceSchemaLocation="https://maven.apache.org/surefire/maven-surefire-plugin/xsd/surefire-test-report.xsd" name="com.gupao.java.jdbc.Jdbc01Test" time="0.028" tests="5" errors="0" skipped="0" failures="0">
  <properties>
    <property name="gopherProxySet" value="false"/>
    <property name="awt.toolkit" value="sun.lwawt.macosx.LWCToolkit"/>
    <property name="file.encoding.pkg" value="sun.io"/>
    <property name="java.specification.version" value="1.8"/>
    <property name="sun.cpu.isalist" value=""/>
    <property name="sun.jnu.encoding" value="UTF-8"/>
    <property name="java.class.path" value="/Users/lixiaotian/IdeaProjects/gupao-homework/homework-20190306/target/test-classes:/Users/lixiaotian/IdeaProjects/gupao-homework/homework-20190306/target/classes:/Users/lixiaotian/mvn/junit/junit/4.11/junit-4.11.jar:/Users/lixiaotian/mvn/org/hamcrest/hamcrest-core/1.3/hamcrest-core-1.3.jar:/Users/lixiaotian/mvn/org/projectlombok/lombok/1.16.10/lombok-1.16.10.jar:/Users/lixiaotian/mvn/mysql/mysql-connector-java/5.1.15/mysql-connector-java-5.1.15.jar:/Users/lixiaotian/mvn/org/jetbrains/annotations-java5/17.0.0/annotations-java5-17.0.0.jar:"/>
    <property name="java.vm.vendor" value="Oracle Corporation"/>
    <property name="sun.arch.data.model" value="64"/>
    <property name="java.vendor.url" value="http://java.oracle.com/"/>
    <property name="user.timezone" value=""/>
    <property name="java.vm.specification.version" value="1.8"/>
    <property name="os.name" value="Mac OS X"/>
    <property name="user.country" value="CN"/>
    <property name="sun.java.launcher" value="SUN_STANDARD"/>
    <property name="sun.boot.library.path" value="/Library/Java/JavaVirtualMachines/jdk1.8.0_131.jdk/Contents/Home/jre/lib"/>
    <property name="sun.java.command" value="/Users/lixiaotian/IdeaProjects/gupao-homework/homework-20190306/target/surefire/surefirebooter2659183180545914992.jar /Users/lixiaotian/IdeaProjects/gupao-homework/homework-20190306/target/surefire 2019-10-03T20-34-38_448-jvmRun1 surefire6564935291878676492tmp surefire_05743127956725908725tmp"/>
    <property name="http.nonProxyHosts" value="local|*.local|169.254/16|*.169.254/16"/>
    <property name="surefire.test.class.path" value="/Users/lixiaotian/IdeaProjects/gupao-homework/homework-20190306/target/test-classes:/Users/lixiaotian/IdeaProjects/gupao-homework/homework-20190306/target/classes:/Users/lixiaotian/mvn/junit/junit/4.11/junit-4.11.jar:/Users/lixiaotian/mvn/org/hamcrest/hamcrest-core/1.3/hamcrest-core-1.3.jar:/Users/lixiaotian/mvn/org/projectlombok/lombok/1.16.10/lombok-1.16.10.jar:/Users/lixiaotian/mvn/mysql/mysql-connector-java/5.1.15/mysql-connector-java-5.1.15.jar:/Users/lixiaotian/mvn/org/jetbrains/annotations-java5/17.0.0/annotations-java5-17.0.0.jar:"/>
    <property name="sun.cpu.endian" value="little"/>
    <property name="user.home" value="/Users/lixiaotian"/>
    <property name="user.language" value="zh"/>
    <property name="java.specification.vendor" value="Oracle Corporation"/>
    <property name="java.home" value="/Library/Java/JavaVirtualMachines/jdk1.8.0_131.jdk/Contents/Home/jre"/>
    <property name="basedir" value="/Users/lixiaotian/IdeaProjects/gupao-homework/homework-20190306"/>
    <property name="file.separator" value="/"/>
    <property name="line.separator" value="&#10;"/>
    <property name="idea.version2019.2.3" value="true"/>
    <property name="java.vm.specification.vendor" value="Oracle Corporation"/>
    <property name="java.specification.name" value="Java Platform API Specification"/>
    <property name="java.awt.graphicsenv" value="sun.awt.CGraphicsEnvironment"/>
    <property name="surefire.real.class.path" value="/Users/lixiaotian/IdeaProjects/gupao-homework/homework-20190306/target/surefire/surefirebooter2659183180545914992.jar"/>
    <property name="sun.boot.class.path" value="/Library/Java/JavaVirtualMachines/jdk1.8.0_131.jdk/Contents/Home/jre/lib/resources.jar:/Library/Java/JavaVirtualMachines/jdk1.8.0_131.jdk/Contents/Home/jre/lib/rt.jar:/Library/Java/JavaVirtualMachines/jdk1.8.0_131.jdk/Contents/Home/jre/lib/sunrsasign.jar:/Library/Java/JavaVirtualMachines/jdk1.8.0_131.jdk/Contents/Home/jre/lib/jsse.jar:/Library/Java/JavaVirtualMachines/jdk1.8.0_131.jdk/Contents/Home/jre/lib/jce.jar:/Library/Java/JavaVirtualMachines/jdk1.8.0_131.jdk/Contents/Home/jre/lib/charsets.jar:/Library/Java/JavaVirtualMachines/jdk1.8.0_131.jdk/Contents/Home/jre/lib/jfr.jar:/Library/Java/JavaVirtualMachines/jdk1.8.0_131.jdk/Contents/Home/jre/classes"/>
    <property name="sun.management.compiler" value="HotSpot 64-Bit Tiered Compilers"/>
    <property name="ftp.nonProxyHosts" value="local|*.local|169.254/16|*.169.254/16"/>
    <property name="java.runtime.version" value="1.8.0_131-b11"/>
    <property name="user.name" value="lixiaotian"/>
    <property name="path.separator" value=":"/>
    <property name="os.version" value="10.14.6"/>
    <property name="java.endorsed.dirs" value="/Library/Java/JavaVirtualMachines/jdk1.8.0_131.jdk/Contents/Home/jre/lib/endorsed"/>
    <property name="java.runtime.name" value="Java(TM) SE Runtime Environment"/>
    <property name="file.encoding" value="UTF-8"/>
    <property name="java.vm.name" value="Java HotSpot(TM) 64-Bit Server VM"/>
    <property name="localRepository" value="/Users/lixiaotian/mvn"/>
    <property name="java.vendor.url.bug" value="http://bugreport.sun.com/bugreport/"/>
    <property name="java.io.tmpdir" value="/var/folders/vc/cmtjl7yj6yddrcphw6z_9pch0000gn/T/"/>
    <property name="java.version" value="1.8.0_131"/>
    <property name="user.dir" value="/Users/lixiaotian/IdeaProjects/gupao-homework/homework-20190306"/>
    <property name="os.arch" value="x86_64"/>
    <property name="java.vm.specification.name" value="Java Virtual Machine Specification"/>
    <property name="java.awt.printerjob" value="sun.lwawt.macosx.CPrinterJob"/>
    <property name="sun.os.patch.level" value="unknown"/>
    <property name="java.library.path" value="/Users/lixiaotian/Library/Java/Extensions:/Library/Java/Extensions:/Network/Library/Java/Extensions:/System/Library/Java/Extensions:/usr/lib/java:."/>
    <property name="java.vm.info" value="mixed mode"/>
    <property name="java.vendor" value="Oracle Corporation"/>
    <property name="java.vm.version" value="25.131-b11"/>
    <property name="java.ext.dirs" value="/Users/lixiaotian/Library/Java/Extensions:/Library/Java/JavaVirtualMachines/jdk1.8.0_131.jdk/Contents/Home/jre/lib/ext:/Library/Java/Extensions:/Network/Library/Java/Extensions:/System/Library/Java/Extensions:/usr/lib/java"/>
    <property name="sun.io.unicode.encoding" value="UnicodeBig"/>
    <property name="java.class.version" value="52.0"/>
    <property name="socksNonProxyHosts" value="local|*.local|169.254/16|*.169.254/16"/>
  </properties>
  <testcase name="testJdbcSave" classname="com.gupao.java.jdbc.Jdbc01Test" time="0.006"/>
  <testcase name="testJdbcDelete" classname="com.gupao.java.jdbc.Jdbc01Test" time="0.007"/>
  <testcase name="shouldAnswerWithTrue" classname="com.gupao.java.jdbc.Jdbc01Test" time="0"/>
  <testcase name="testJdbcSearch" classname="com.gupao.java.jdbc.Jdbc01Test" time="0.006"/>
  <testcase name="testJdbcUpdate" classname="com.gupao.java.jdbc.Jdbc01Test" time="0.007"/>
</testsuite>